<?xml version="1.0" encoding="UTF-8"?>
<testsuite name="org.example.springboot.web.PostsApiControllerTest" tests="3" skipped="0" failures="0" errors="0" timestamp="2020-08-02T11:24:29" hostname="gimgichan-ui-Macbook-Pro.local" time="0.3">
  <properties/>
  <testcase name="timeTest" classname="org.example.springboot.web.PostsApiControllerTest" time="0.032"/>
  <testcase name="register" classname="org.example.springboot.web.PostsApiControllerTest" time="0.241"/>
  <testcase name="edit" classname="org.example.springboot.web.PostsApiControllerTest" time="0.025"/>
  <system-out><![CDATA[2020-08-02 20:24:29.015  INFO 45210 --- [    Test worker] .b.t.c.SpringBootTestContextBootstrapper : Neither @ContextConfiguration nor @ContextHierarchy found for test class [org.example.springboot.web.PostsApiControllerTest], using SpringBootContextLoader
2020-08-02 20:24:29.015  INFO 45210 --- [    Test worker] o.s.t.c.support.AbstractContextLoader    : Could not detect default resource locations for test class [org.example.springboot.web.PostsApiControllerTest]: no resource found for suffixes {-context.xml, Context.groovy}.
2020-08-02 20:24:29.016  INFO 45210 --- [    Test worker] t.c.s.AnnotationConfigContextLoaderUtils : Could not detect default configuration classes for test class [org.example.springboot.web.PostsApiControllerTest]: PostsApiControllerTest does not declare any static, non-private, non-final, nested classes annotated with @Configuration.
2020-08-02 20:24:29.017  INFO 45210 --- [    Test worker] .b.t.c.SpringBootTestContextBootstrapper : Found @SpringBootConfiguration org.example.springboot.Application for test class org.example.springboot.web.PostsApiControllerTest
2020-08-02 20:24:29.018  INFO 45210 --- [    Test worker] .b.t.c.SpringBootTestContextBootstrapper : Loaded default TestExecutionListener class names from location [META-INF/spring.factories]: [org.springframework.security.test.context.support.WithSecurityContextTestExecutionListener, org.springframework.security.test.context.support.ReactorContextTestExecutionListener, org.springframework.boot.test.autoconfigure.restdocs.RestDocsTestExecutionListener, org.springframework.boot.test.autoconfigure.web.client.MockRestServiceServerResetTestExecutionListener, org.springframework.boot.test.autoconfigure.web.servlet.MockMvcPrintOnlyOnFailureTestExecutionListener, org.springframework.boot.test.autoconfigure.web.servlet.WebDriverTestExecutionListener, org.springframework.boot.test.mock.mockito.MockitoTestExecutionListener, org.springframework.boot.test.mock.mockito.ResetMocksTestExecutionListener, org.springframework.test.context.web.ServletTestExecutionListener, org.springframework.test.context.support.DirtiesContextBeforeModesTestExecutionListener, org.springframework.test.context.support.DependencyInjectionTestExecutionListener, org.springframework.test.context.support.DirtiesContextTestExecutionListener, org.springframework.test.context.transaction.TransactionalTestExecutionListener, org.springframework.test.context.jdbc.SqlScriptsTestExecutionListener]
2020-08-02 20:24:29.034  INFO 45210 --- [    Test worker] .b.t.c.SpringBootTestContextBootstrapper : Using TestExecutionListeners: [org.springframework.test.context.web.ServletTestExecutionListener@4ecac98, org.springframework.test.context.support.DirtiesContextBeforeModesTestExecutionListener@37ff3cde, org.springframework.boot.test.mock.mockito.MockitoTestExecutionListener@611402ff, org.springframework.boot.test.autoconfigure.SpringBootDependencyInjectionTestExecutionListener@45e1eb3d, org.springframework.test.context.support.DirtiesContextTestExecutionListener@24881775, org.springframework.test.context.transaction.TransactionalTestExecutionListener@6adfc6f6, org.springframework.test.context.jdbc.SqlScriptsTestExecutionListener@2b9d32a8, org.springframework.security.test.context.support.WithSecurityContextTestExecutionListener@61ef8ce5, org.springframework.security.test.context.support.ReactorContextTestExecutionListener@5b81c12, org.springframework.boot.test.autoconfigure.restdocs.RestDocsTestExecutionListener@11c49225, org.springframework.boot.test.autoconfigure.web.client.MockRestServiceServerResetTestExecutionListener@530eeac7, org.springframework.boot.test.autoconfigure.web.servlet.MockMvcPrintOnlyOnFailureTestExecutionListener@4e1bdce7, org.springframework.boot.test.autoconfigure.web.servlet.WebDriverTestExecutionListener@b0601ba, org.springframework.boot.test.mock.mockito.ResetMocksTestExecutionListener@3e66ef45]
2020-08-02 20:24:29.049  INFO 45210 --- [    Test worker] o.a.c.c.C.[Tomcat].[localhost].[/]       : Initializing Spring TestDispatcherServlet ''
2020-08-02 20:24:29.049  INFO 45210 --- [    Test worker] o.s.t.web.servlet.TestDispatcherServlet  : Initializing Servlet ''
2020-08-02 20:24:29.052  INFO 45210 --- [    Test worker] o.s.t.web.servlet.TestDispatcherServlet  : Completed initialization in 3 ms
authorcontenttitle
2020-08-02 20:24:29.082  INFO 45210 --- [    Test worker] o.a.c.c.C.[Tomcat].[localhost].[/]       : Initializing Spring TestDispatcherServlet ''
2020-08-02 20:24:29.082  INFO 45210 --- [    Test worker] o.s.t.web.servlet.TestDispatcherServlet  : Initializing Servlet ''
2020-08-02 20:24:29.085  INFO 45210 --- [    Test worker] o.s.t.web.servlet.TestDispatcherServlet  : Completed initialization in 3 ms
2020-08-02 20:24:29.314  INFO 45210 --- [    Test worker] o.a.c.c.C.[Tomcat].[localhost].[/]       : Initializing Spring TestDispatcherServlet ''
2020-08-02 20:24:29.315  INFO 45210 --- [    Test worker] o.s.t.web.servlet.TestDispatcherServlet  : Initializing Servlet ''
2020-08-02 20:24:29.317  INFO 45210 --- [    Test worker] o.s.t.web.servlet.TestDispatcherServlet  : Completed initialization in 2 ms
]]></system-out>
  <system-err><![CDATA[]]></system-err>
</testsuite>
