<?xml version="1.0" encoding="UTF-8"?>
<testsuite name="org.example.springboot.HelloControllerTest" tests="1" skipped="0" failures="0" errors="0" timestamp="2020-08-02T11:07:31" hostname="gimgichan-ui-Macbook-Pro.local" time="0.014">
  <properties/>
  <testcase name="helloTest" classname="org.example.springboot.HelloControllerTest" time="0.014"/>
  <system-out><![CDATA[2020-08-02 20:07:30.701  INFO 44128 --- [    Test worker] .b.t.a.w.s.WebMvcTestContextBootstrapper : Neither @ContextConfiguration nor @ContextHierarchy found for test class [org.example.springboot.HelloControllerTest], using SpringBootContextLoader
2020-08-02 20:07:30.702  INFO 44128 --- [    Test worker] o.s.t.c.support.AbstractContextLoader    : Could not detect default resource locations for test class [org.example.springboot.HelloControllerTest]: no resource found for suffixes {-context.xml, Context.groovy}.
2020-08-02 20:07:30.702  INFO 44128 --- [    Test worker] t.c.s.AnnotationConfigContextLoaderUtils : Could not detect default configuration classes for test class [org.example.springboot.HelloControllerTest]: HelloControllerTest does not declare any static, non-private, non-final, nested classes annotated with @Configuration.
2020-08-02 20:07:30.727  INFO 44128 --- [    Test worker] .b.t.c.SpringBootTestContextBootstrapper : Found @SpringBootConfiguration org.example.springboot.Application for test class org.example.springboot.HelloControllerTest
2020-08-02 20:07:30.727  INFO 44128 --- [    Test worker] .b.t.a.w.s.WebMvcTestContextBootstrapper : Loaded default TestExecutionListener class names from location [META-INF/spring.factories]: [org.springframework.security.test.context.support.WithSecurityContextTestExecutionListener, org.springframework.security.test.context.support.ReactorContextTestExecutionListener, org.springframework.boot.test.autoconfigure.restdocs.RestDocsTestExecutionListener, org.springframework.boot.test.autoconfigure.web.client.MockRestServiceServerResetTestExecutionListener, org.springframework.boot.test.autoconfigure.web.servlet.MockMvcPrintOnlyOnFailureTestExecutionListener, org.springframework.boot.test.autoconfigure.web.servlet.WebDriverTestExecutionListener, org.springframework.boot.test.mock.mockito.MockitoTestExecutionListener, org.springframework.boot.test.mock.mockito.ResetMocksTestExecutionListener, org.springframework.test.context.web.ServletTestExecutionListener, org.springframework.test.context.support.DirtiesContextBeforeModesTestExecutionListener, org.springframework.test.context.support.DependencyInjectionTestExecutionListener, org.springframework.test.context.support.DirtiesContextTestExecutionListener, org.springframework.test.context.transaction.TransactionalTestExecutionListener, org.springframework.test.context.jdbc.SqlScriptsTestExecutionListener]
2020-08-02 20:07:30.728  INFO 44128 --- [    Test worker] .b.t.a.w.s.WebMvcTestContextBootstrapper : Using TestExecutionListeners: [org.springframework.test.context.web.ServletTestExecutionListener@79624516, org.springframework.test.context.support.DirtiesContextBeforeModesTestExecutionListener@6ecc93, org.springframework.boot.test.mock.mockito.MockitoTestExecutionListener@2c14ba1b, org.springframework.boot.test.autoconfigure.SpringBootDependencyInjectionTestExecutionListener@302ceb72, org.springframework.test.context.support.DirtiesContextTestExecutionListener@5b8d4294, org.springframework.test.context.transaction.TransactionalTestExecutionListener@2d711722, org.springframework.test.context.jdbc.SqlScriptsTestExecutionListener@24bca4f5, org.springframework.security.test.context.support.WithSecurityContextTestExecutionListener@731cbc6b, org.springframework.security.test.context.support.ReactorContextTestExecutionListener@42b4c97e, org.springframework.boot.test.autoconfigure.restdocs.RestDocsTestExecutionListener@67590e0d, org.springframework.boot.test.autoconfigure.web.client.MockRestServiceServerResetTestExecutionListener@2683951f, org.springframework.boot.test.autoconfigure.web.servlet.MockMvcPrintOnlyOnFailureTestExecutionListener@30ea8a40, org.springframework.boot.test.autoconfigure.web.servlet.WebDriverTestExecutionListener@54f15a1a, org.springframework.boot.test.mock.mockito.ResetMocksTestExecutionListener@7b771fef]

  .   ____          _            __ _ _
 /\\ / ___'_ __ _ _(_)_ __  __ _ \ \ \ \
( ( )\___ | '_ | '_| | '_ \/ _` | \ \ \ \
 \\/  ___)| |_)| | | | | || (_| |  ) ) ) )
  '  |____| .__|_| |_|_| |_\__, | / / / /
 =========|_|==============|___/=/_/_/_/
 :: Spring Boot ::        (v2.1.7.RELEASE)

2020-08-02 20:07:30.793  INFO 44128 --- [    Test worker] o.e.springboot.HelloControllerTest       : Starting HelloControllerTest on gimgichan-ui-Macbook-Pro.local with PID 44128 (started by gichan in /Users/gichan/IdeaProjects/aws-springboot-test)
2020-08-02 20:07:30.794  INFO 44128 --- [    Test worker] o.e.springboot.HelloControllerTest       : The following profiles are active: oauth
2020-08-02 20:07:31.292  INFO 44128 --- [    Test worker] o.s.s.concurrent.ThreadPoolTaskExecutor  : Initializing ExecutorService 'applicationTaskExecutor'
2020-08-02 20:07:31.321  INFO 44128 --- [    Test worker] o.s.b.a.w.s.WelcomePageHandlerMapping    : Adding welcome page template: index
2020-08-02 20:07:31.480  INFO 44128 --- [    Test worker] .s.s.UserDetailsServiceAutoConfiguration : 

Using generated security password: bfd6b69e-c743-4bac-8ec9-94b7275bb051

2020-08-02 20:07:31.576  INFO 44128 --- [    Test worker] o.s.s.web.DefaultSecurityFilterChain     : Creating filter chain: any request, [org.springframework.security.web.context.request.async.WebAsyncManagerIntegrationFilter@569d9f68, org.springframework.security.web.context.SecurityContextPersistenceFilter@503c746c, org.springframework.security.web.header.HeaderWriterFilter@3e1db9f3, org.springframework.security.web.csrf.CsrfFilter@46c2a971, org.springframework.security.web.authentication.logout.LogoutFilter@436c7280, org.springframework.security.web.authentication.UsernamePasswordAuthenticationFilter@62348c27, org.springframework.security.web.authentication.ui.DefaultLoginPageGeneratingFilter@2ca93b6d, org.springframework.security.web.authentication.ui.DefaultLogoutPageGeneratingFilter@7dff3602, org.springframework.security.web.authentication.www.BasicAuthenticationFilter@615d7b82, org.springframework.security.web.savedrequest.RequestCacheAwareFilter@2a8930a9, org.springframework.security.web.servletapi.SecurityContextHolderAwareRequestFilter@7988d62a, org.springframework.security.web.authentication.AnonymousAuthenticationFilter@7774c354, org.springframework.security.web.session.SessionManagementFilter@6d471660, org.springframework.security.web.access.ExceptionTranslationFilter@728119c3, org.springframework.security.web.access.intercept.FilterSecurityInterceptor@1e6df9ea]
2020-08-02 20:07:31.585  INFO 44128 --- [    Test worker] o.s.b.t.m.w.SpringBootMockServletContext : Initializing Spring TestDispatcherServlet ''
2020-08-02 20:07:31.585  INFO 44128 --- [    Test worker] o.s.t.web.servlet.TestDispatcherServlet  : Initializing Servlet ''
2020-08-02 20:07:31.599  INFO 44128 --- [    Test worker] o.s.t.web.servlet.TestDispatcherServlet  : Completed initialization in 14 ms
2020-08-02 20:07:31.623  INFO 44128 --- [    Test worker] o.e.springboot.HelloControllerTest       : Started HelloControllerTest in 0.892 seconds (JVM running for 11.022)
]]></system-out>
  <system-err><![CDATA[]]></system-err>
</testsuite>
