<?xml version="1.0" encoding="UTF-8"?>
<testsuite name="org.example.springboot.dto.HelloResponseDtoTest" tests="1" skipped="0" failures="0" errors="0" timestamp="2020-08-02T11:24:19" hostname="gimgichan-ui-Macbook-Pro.local" time="0.048">
  <properties/>
  <testcase name="lombokTest" classname="org.example.springboot.dto.HelloResponseDtoTest" time="0.048"/>
  <system-out><![CDATA[]]></system-out>
  <system-err><![CDATA[]]></system-err>
</testsuite>
