<?xml version="1.0" encoding="UTF-8"?>
<testsuite name="org.example.springboot.web.PostsApiControllerTest" tests="3" skipped="0" failures="0" errors="0" timestamp="2020-08-02T11:07:30" hostname="gimgichan-ui-Macbook-Pro.local" time="0.321">
  <properties/>
  <testcase name="timeTest" classname="org.example.springboot.web.PostsApiControllerTest" time="0.047"/>
  <testcase name="register" classname="org.example.springboot.web.PostsApiControllerTest" time="0.239"/>
  <testcase name="edit" classname="org.example.springboot.web.PostsApiControllerTest" time="0.033"/>
  <system-out><![CDATA[2020-08-02 20:07:30.359  INFO 44128 --- [    Test worker] .b.t.c.SpringBootTestContextBootstrapper : Neither @ContextConfiguration nor @ContextHierarchy found for test class [org.example.springboot.web.PostsApiControllerTest], using SpringBootContextLoader
2020-08-02 20:07:30.360  INFO 44128 --- [    Test worker] o.s.t.c.support.AbstractContextLoader    : Could not detect default resource locations for test class [org.example.springboot.web.PostsApiControllerTest]: no resource found for suffixes {-context.xml, Context.groovy}.
2020-08-02 20:07:30.360  INFO 44128 --- [    Test worker] t.c.s.AnnotationConfigContextLoaderUtils : Could not detect default configuration classes for test class [org.example.springboot.web.PostsApiControllerTest]: PostsApiControllerTest does not declare any static, non-private, non-final, nested classes annotated with @Configuration.
2020-08-02 20:07:30.362  INFO 44128 --- [    Test worker] .b.t.c.SpringBootTestContextBootstrapper : Found @SpringBootConfiguration org.example.springboot.Application for test class org.example.springboot.web.PostsApiControllerTest
2020-08-02 20:07:30.364  INFO 44128 --- [    Test worker] .b.t.c.SpringBootTestContextBootstrapper : Loaded default TestExecutionListener class names from location [META-INF/spring.factories]: [org.springframework.security.test.context.support.WithSecurityContextTestExecutionListener, org.springframework.security.test.context.support.ReactorContextTestExecutionListener, org.springframework.boot.test.autoconfigure.restdocs.RestDocsTestExecutionListener, org.springframework.boot.test.autoconfigure.web.client.MockRestServiceServerResetTestExecutionListener, org.springframework.boot.test.autoconfigure.web.servlet.MockMvcPrintOnlyOnFailureTestExecutionListener, org.springframework.boot.test.autoconfigure.web.servlet.WebDriverTestExecutionListener, org.springframework.boot.test.mock.mockito.MockitoTestExecutionListener, org.springframework.boot.test.mock.mockito.ResetMocksTestExecutionListener, org.springframework.test.context.web.ServletTestExecutionListener, org.springframework.test.context.support.DirtiesContextBeforeModesTestExecutionListener, org.springframework.test.context.support.DependencyInjectionTestExecutionListener, org.springframework.test.context.support.DirtiesContextTestExecutionListener, org.springframework.test.context.transaction.TransactionalTestExecutionListener, org.springframework.test.context.jdbc.SqlScriptsTestExecutionListener]
2020-08-02 20:07:30.365  INFO 44128 --- [    Test worker] .b.t.c.SpringBootTestContextBootstrapper : Using TestExecutionListeners: [org.springframework.test.context.web.ServletTestExecutionListener@dbbae7, org.springframework.test.context.support.DirtiesContextBeforeModesTestExecutionListener@660ecfa3, org.springframework.boot.test.mock.mockito.MockitoTestExecutionListener@158f1ddb, org.springframework.boot.test.autoconfigure.SpringBootDependencyInjectionTestExecutionListener@4e79447f, org.springframework.test.context.support.DirtiesContextTestExecutionListener@1328c3d5, org.springframework.test.context.transaction.TransactionalTestExecutionListener@34b65c4, org.springframework.test.context.jdbc.SqlScriptsTestExecutionListener@6e47c1b3, org.springframework.security.test.context.support.WithSecurityContextTestExecutionListener@6a992ab8, org.springframework.security.test.context.support.ReactorContextTestExecutionListener@3ffa6a55, org.springframework.boot.test.autoconfigure.restdocs.RestDocsTestExecutionListener@67c75d2b, org.springframework.boot.test.autoconfigure.web.client.MockRestServiceServerResetTestExecutionListener@37dd5239, org.springframework.boot.test.autoconfigure.web.servlet.MockMvcPrintOnlyOnFailureTestExecutionListener@14326290, org.springframework.boot.test.autoconfigure.web.servlet.WebDriverTestExecutionListener@78f61a81, org.springframework.boot.test.mock.mockito.ResetMocksTestExecutionListener@25052eb1]
2020-08-02 20:07:30.391  INFO 44128 --- [    Test worker] o.a.c.c.C.[Tomcat].[localhost].[/]       : Initializing Spring TestDispatcherServlet ''
2020-08-02 20:07:30.391  INFO 44128 --- [    Test worker] o.s.t.web.servlet.TestDispatcherServlet  : Initializing Servlet ''
2020-08-02 20:07:30.397  INFO 44128 --- [    Test worker] o.s.t.web.servlet.TestDispatcherServlet  : Completed initialization in 6 ms
authorcontenttitle
2020-08-02 20:07:30.436  INFO 44128 --- [    Test worker] o.a.c.c.C.[Tomcat].[localhost].[/]       : Initializing Spring TestDispatcherServlet ''
2020-08-02 20:07:30.436  INFO 44128 --- [    Test worker] o.s.t.web.servlet.TestDispatcherServlet  : Initializing Servlet ''
2020-08-02 20:07:30.439  INFO 44128 --- [    Test worker] o.s.t.web.servlet.TestDispatcherServlet  : Completed initialization in 3 ms
2020-08-02 20:07:30.665  INFO 44128 --- [    Test worker] o.a.c.c.C.[Tomcat].[localhost].[/]       : Initializing Spring TestDispatcherServlet ''
2020-08-02 20:07:30.665  INFO 44128 --- [    Test worker] o.s.t.web.servlet.TestDispatcherServlet  : Initializing Servlet ''
2020-08-02 20:07:30.668  INFO 44128 --- [    Test worker] o.s.t.web.servlet.TestDispatcherServlet  : Completed initialization in 3 ms
]]></system-out>
  <system-err><![CDATA[]]></system-err>
</testsuite>
